# JRE version: OpenJDK Runtime Environment (11.0.15) (build 11.0.15+0-b2043.56-9505619)
# Java VM: OpenJDK 64-Bit Server VM (11.0.15+0-b2043.56-9505619, mixed mode, tiered, compressed oops, g1 gc, windows-amd64)
Heap:
 garbage-first heap   total 254976K, used 121164K [0x0000000080000000, 0x0000000100000000)
  region size 1024K, 5 young (5120K), 5 survivors (5120K)
 Metaspace       used 84380K, capacity 86556K, committed 86780K, reserved 1124352K
  class space    used 10874K, capacity 11764K, committed 11852K, reserved 1048576K
GC Heap History (20 events):
Event: 30.127 GC heap after
{Heap after GC invocations=59 (full 0):
 garbage-first heap   total 133120K, used 108154K [0x0000000080000000, 0x0000000100000000)
  region size 1024K, 1 young (1024K), 1 survivors (1024K)
 Metaspace       used 70021K, capacity 71858K, committed 72060K, reserved 1112064K
  class space    used 8915K, capacity 9622K, committed 9676K, reserved 1048576K
}
Event: 30.246 GC heap before
{Heap before GC invocations=59 (full 0):
 garbage-first heap   total 133120K, used 115322K [0x0000000080000000, 0x0000000100000000)
  region size 1024K, 8 young (8192K), 1 survivors (1024K)
 Metaspace       used 70664K, capacity 72519K, committed 72700K, reserved 1112064K
  class space    used 9015K, capacity 9781K, committed 9804K, reserved 1048576K
}
Event: 30.248 GC heap after
{Heap after GC invocations=60 (full 0):
 garbage-first heap   total 133120K, used 108497K [0x0000000080000000, 0x0000000100000000)
  region size 1024K, 1 young (1024K), 1 survivors (1024K)
 Metaspace       used 70664K, capacity 72519K, committed 72700K, reserved 1112064K
  class space    used 9015K, capacity 9781K, committed 9804K, reserved 1048576K
}
Event: 30.356 GC heap before
{Heap before GC invocations=60 (full 0):
 garbage-first heap   total 133120K, used 114641K [0x0000000080000000, 0x0000000100000000)
  region size 1024K, 7 young (7168K), 1 survivors (1024K)
 Metaspace       used 71201K, capacity 73139K, committed 73340K, reserved 1112064K
  class space    used 9110K, capacity 9864K, committed 9932K, reserved 1048576K
}
Event: 30.360 GC heap after
{Heap after GC invocations=61 (full 0):
 garbage-first heap   total 159744K, used 108651K [0x0000000080000000, 0x0000000100000000)
  region size 1024K, 1 young (1024K), 1 survivors (1024K)
 Metaspace       used 71201K, capacity 73139K, committed 73340K, reserved 1112064K
  class space    used 9110K, capacity 9864K, committed 9932K, reserved 1048576K
}
Event: 30.633 GC heap before
{Heap before GC invocations=62 (full 0):
 garbage-first heap   total 159744K, used 120939K [0x0000000080000000, 0x0000000100000000)
  region size 1024K, 15 young (15360K), 1 survivors (1024K)
 Metaspace       used 73137K, capacity 75062K, committed 75388K, reserved 1114112K
  class space    used 9354K, capacity 10117K, committed 10188K, reserved 1048576K
}
Event: 30.639 GC heap after
{Heap after GC invocations=63 (full 0):
 garbage-first heap   total 159744K, used 110388K [0x0000000080000000, 0x0000000100000000)
  region size 1024K, 3 young (3072K), 3 survivors (3072K)
 Metaspace       used 73137K, capacity 75062K, committed 75388K, reserved 1114112K
  class space    used 9354K, capacity 10117K, committed 10188K, reserved 1048576K
}
Event: 30.836 GC heap before
{Heap before GC invocations=64 (full 0):
 garbage-first heap   total 159744K, used 132916K [0x0000000080000000, 0x0000000100000000)
  region size 1024K, 19 young (19456K), 3 survivors (3072K)
 Metaspace       used 73445K, capacity 75305K, committed 75388K, reserved 1114112K
  class space    used 9404K, capacity 10152K, committed 10188K, reserved 1048576K
}
Event: 30.843 GC heap after
{Heap after GC invocations=65 (full 0):
 garbage-first heap   total 159744K, used 112271K [0x0000000080000000, 0x0000000100000000)
  region size 1024K, 3 young (3072K), 3 survivors (3072K)
 Metaspace       used 73445K, capacity 75305K, committed 75388K, reserved 1114112K
  class space    used 9404K, capacity 10152K, committed 10188K, reserved 1048576K
}
Event: 31.053 GC heap before
{Heap before GC invocations=65 (full 0):
 garbage-first heap   total 159744K, used 127631K [0x0000000080000000, 0x0000000100000000)
  region size 1024K, 19 young (19456K), 3 survivors (3072K)
 Metaspace       used 75074K, capacity 77003K, committed 77180K, reserved 1116160K
  class space    used 9598K, capacity 10348K, committed 10444K, reserved 1048576K
}
Event: 31.058 GC heap after
{Heap after GC invocations=66 (full 0):
 garbage-first heap   total 159744K, used 113420K [0x0000000080000000, 0x0000000100000000)
  region size 1024K, 2 young (2048K), 2 survivors (2048K)
 Metaspace       used 75074K, capacity 77003K, committed 77180K, reserved 1116160K
  class space    used 9598K, capacity 10348K, committed 10444K, reserved 1048576K
}
Event: 31.256 GC heap before
{Heap before GC invocations=67 (full 0):
 garbage-first heap   total 159744K, used 129804K [0x0000000080000000, 0x0000000100000000)
  region size 1024K, 18 young (18432K), 2 survivors (2048K)
 Metaspace       used 75979K, capacity 77903K, committed 78076K, reserved 1116160K
  class space    used 9708K, capacity 10454K, committed 10572K, reserved 1048576K
}
Event: 31.261 GC heap after
{Heap after GC invocations=68 (full 0):
 garbage-first heap   total 209920K, used 114210K [0x0000000080000000, 0x0000000100000000)
  region size 1024K, 2 young (2048K), 2 survivors (2048K)
 Metaspace       used 75979K, capacity 77903K, committed 78076K, reserved 1116160K
  class space    used 9708K, capacity 10454K, committed 10572K, reserved 1048576K
}
Event: 31.396 GC heap before
{Heap before GC invocations=68 (full 0):
 garbage-first heap   total 209920K, used 125474K [0x0000000080000000, 0x0000000100000000)
  region size 1024K, 14 young (14336K), 2 survivors (2048K)
 Metaspace       used 76959K, capacity 78937K, committed 79228K, reserved 1118208K
  class space    used 9849K, capacity 10584K, committed 10700K, reserved 1048576K
}
Event: 31.401 GC heap after
{Heap after GC invocations=69 (full 0):
 garbage-first heap   total 209920K, used 115000K [0x0000000080000000, 0x0000000100000000)
  region size 1024K, 3 young (3072K), 3 survivors (3072K)
 Metaspace       used 76959K, capacity 78937K, committed 79228K, reserved 1118208K
  class space    used 9849K, capacity 10584K, committed 10700K, reserved 1048576K
}
Event: 32.188 GC heap before
{Heap before GC invocations=70 (full 0):
 garbage-first heap   total 209920K, used 151864K [0x0000000080000000, 0x0000000100000000)
  region size 1024K, 38 young (38912K), 3 survivors (3072K)
 Metaspace       used 80557K, capacity 82669K, committed 82812K, reserved 1120256K
  class space    used 10294K, capacity 11134K, committed 11212K, reserved 1048576K
}
Event: 32.194 GC heap after
{Heap after GC invocations=71 (full 0):
 garbage-first heap   total 209920K, used 116185K [0x0000000080000000, 0x0000000100000000)
  region size 1024K, 3 young (3072K), 3 survivors (3072K)
 Metaspace       used 80557K, capacity 82669K, committed 82812K, reserved 1120256K
  class space    used 10294K, capacity 11134K, committed 11212K, reserved 1048576K
}
Event: 32.508 GC heap before
{Heap before GC invocations=71 (full 0):
 garbage-first heap   total 209920K, used 154073K [0x0000000080000000, 0x0000000100000000)
  region size 1024K, 40 young (40960K), 3 survivors (3072K)
 Metaspace       used 81027K, capacity 83203K, committed 83452K, reserved 1122304K
  class space    used 10354K, capacity 11247K, committed 11340K, reserved 1048576K
}
Event: 32.517 GC heap after
{Heap after GC invocations=72 (full 0):
 garbage-first heap   total 209920K, used 119007K [0x0000000080000000, 0x0000000100000000)
  region size 1024K, 5 young (5120K), 5 survivors (5120K)
 Metaspace       used 81027K, capacity 83203K, committed 83452K, reserved 1122304K
  class space    used 10354K, capacity 11247K, committed 11340K, reserved 1048576K
}
Event: 33.230 GC heap before
{Heap before GC invocations=73 (full 0):
 garbage-first heap   total 209920K, used 157919K [0x0000000080000000, 0x0000000100000000)
  region size 1024K, 43 young (44032K), 5 survivors (5120K)
 Metaspace       used 84380K, capacity 86556K, committed 86780K, reserved 1124352K
  class space    used 10874K, capacity 11764K, committed 11852K, reserved 1048576K
}

