# JRE version: OpenJDK Runtime Environment (11.0.15) (build 11.0.15+0-b2043.56-9505619)
# Java VM: OpenJDK 64-Bit Server VM (11.0.15+0-b2043.56-9505619, mixed mode, tiered, compressed oops, g1 gc, windows-amd64)
Heap:
 garbage-first heap   total 138240K, used 52975K [0x0000000080000000, 0x0000000100000000)
  region size 1024K, 2 young (2048K), 2 survivors (2048K)
 Metaspace       used 33586K, capacity 34621K, committed 34864K, reserved 1079296K
  class space    used 4527K, capacity 4904K, committed 4992K, reserved 1048576K
GC Heap History (20 events):
Event: 37.038 GC heap after
{Heap after GC invocations=19 (full 0):
 garbage-first heap   total 63488K, used 51515K [0x0000000080000000, 0x0000000100000000)
  region size 1024K, 1 young (1024K), 1 survivors (1024K)
 Metaspace       used 28772K, capacity 29647K, committed 29872K, reserved 1075200K
  class space    used 3772K, capacity 4095K, committed 4096K, reserved 1048576K
}
Event: 37.063 GC heap before
{Heap before GC invocations=19 (full 0):
 garbage-first heap   total 63488K, used 53563K [0x0000000080000000, 0x0000000100000000)
  region size 1024K, 3 young (3072K), 1 survivors (1024K)
 Metaspace       used 28876K, capacity 29807K, committed 30000K, reserved 1075200K
  class space    used 3792K, capacity 4127K, committed 4224K, reserved 1048576K
}
Event: 37.064 GC heap after
{Heap after GC invocations=20 (full 0):
 garbage-first heap   total 63488K, used 51589K [0x0000000080000000, 0x0000000100000000)
  region size 1024K, 1 young (1024K), 1 survivors (1024K)
 Metaspace       used 28876K, capacity 29807K, committed 30000K, reserved 1075200K
  class space    used 3792K, capacity 4127K, committed 4224K, reserved 1048576K
}
Event: 37.093 GC heap before
{Heap before GC invocations=21 (full 0):
 garbage-first heap   total 63488K, used 53637K [0x0000000080000000, 0x0000000100000000)
  region size 1024K, 3 young (3072K), 1 survivors (1024K)
 Metaspace       used 28992K, capacity 29871K, committed 30000K, reserved 1075200K
  class space    used 3812K, capacity 4127K, committed 4224K, reserved 1048576K
}
Event: 37.095 GC heap after
{Heap after GC invocations=22 (full 0):
 garbage-first heap   total 63488K, used 51632K [0x0000000080000000, 0x0000000100000000)
  region size 1024K, 1 young (1024K), 1 survivors (1024K)
 Metaspace       used 28992K, capacity 29871K, committed 30000K, reserved 1075200K
  class space    used 3812K, capacity 4127K, committed 4224K, reserved 1048576K
}
Event: 37.119 GC heap before
{Heap before GC invocations=22 (full 0):
 garbage-first heap   total 63488K, used 53680K [0x0000000080000000, 0x0000000100000000)
  region size 1024K, 3 young (3072K), 1 survivors (1024K)
 Metaspace       used 29105K, capacity 29970K, committed 30256K, reserved 1075200K
  class space    used 3828K, capacity 4160K, committed 4224K, reserved 1048576K
}
Event: 37.121 GC heap after
{Heap after GC invocations=23 (full 0):
 garbage-first heap   total 63488K, used 51646K [0x0000000080000000, 0x0000000100000000)
  region size 1024K, 1 young (1024K), 1 survivors (1024K)
 Metaspace       used 29105K, capacity 29970K, committed 30256K, reserved 1075200K
  class space    used 3828K, capacity 4160K, committed 4224K, reserved 1048576K
}
Event: 37.142 GC heap before
{Heap before GC invocations=23 (full 0):
 garbage-first heap   total 63488K, used 53694K [0x0000000080000000, 0x0000000100000000)
  region size 1024K, 3 young (3072K), 1 survivors (1024K)
 Metaspace       used 29212K, capacity 30101K, committed 30256K, reserved 1075200K
  class space    used 3845K, capacity 4161K, committed 4224K, reserved 1048576K
}
Event: 37.143 GC heap after
{Heap after GC invocations=24 (full 0):
 garbage-first heap   total 63488K, used 51674K [0x0000000080000000, 0x0000000100000000)
  region size 1024K, 1 young (1024K), 1 survivors (1024K)
 Metaspace       used 29212K, capacity 30101K, committed 30256K, reserved 1075200K
  class space    used 3845K, capacity 4161K, committed 4224K, reserved 1048576K
}
Event: 37.176 GC heap before
{Heap before GC invocations=25 (full 0):
 garbage-first heap   total 63488K, used 53722K [0x0000000080000000, 0x0000000100000000)
  region size 1024K, 3 young (3072K), 1 survivors (1024K)
 Metaspace       used 29346K, capacity 30261K, committed 30512K, reserved 1075200K
  class space    used 3868K, capacity 4193K, committed 4224K, reserved 1048576K
}
Event: 37.179 GC heap after
{Heap after GC invocations=26 (full 0):
 garbage-first heap   total 63488K, used 51736K [0x0000000080000000, 0x0000000100000000)
  region size 1024K, 1 young (1024K), 1 survivors (1024K)
 Metaspace       used 29346K, capacity 30261K, committed 30512K, reserved 1075200K
  class space    used 3868K, capacity 4193K, committed 4224K, reserved 1048576K
}
Event: 37.210 GC heap before
{Heap before GC invocations=26 (full 0):
 garbage-first heap   total 63488K, used 53784K [0x0000000080000000, 0x0000000100000000)
  region size 1024K, 3 young (3072K), 1 survivors (1024K)
 Metaspace       used 29541K, capacity 30490K, committed 30640K, reserved 1075200K
  class space    used 3909K, capacity 4270K, committed 4352K, reserved 1048576K
}
Event: 37.214 GC heap after
{Heap after GC invocations=27 (full 0):
 garbage-first heap   total 77824K, used 51820K [0x0000000080000000, 0x0000000100000000)
  region size 1024K, 1 young (1024K), 1 survivors (1024K)
 Metaspace       used 29541K, capacity 30490K, committed 30640K, reserved 1075200K
  class space    used 3909K, capacity 4270K, committed 4352K, reserved 1048576K
}
Event: 37.332 GC heap before
{Heap before GC invocations=28 (full 0):
 garbage-first heap   total 77824K, used 61036K [0x0000000080000000, 0x0000000100000000)
  region size 1024K, 10 young (10240K), 1 survivors (1024K)
 Metaspace       used 30488K, capacity 31353K, committed 31536K, reserved 1077248K
  class space    used 4050K, capacity 4409K, committed 4480K, reserved 1048576K
}
Event: 37.335 GC heap after
{Heap after GC invocations=29 (full 0):
 garbage-first heap   total 77824K, used 52220K [0x0000000080000000, 0x0000000100000000)
  region size 1024K, 1 young (1024K), 1 survivors (1024K)
 Metaspace       used 30488K, capacity 31353K, committed 31536K, reserved 1077248K
  class space    used 4050K, capacity 4409K, committed 4480K, reserved 1048576K
}
Event: 37.475 GC heap before
{Heap before GC invocations=29 (full 0):
 garbage-first heap   total 77824K, used 62460K [0x0000000080000000, 0x0000000100000000)
  region size 1024K, 11 young (11264K), 1 survivors (1024K)
 Metaspace       used 31335K, capacity 32282K, committed 32432K, reserved 1077248K
  class space    used 4179K, capacity 4529K, committed 4608K, reserved 1048576K
}
Event: 37.477 GC heap after
{Heap after GC invocations=30 (full 0):
 garbage-first heap   total 77824K, used 52472K [0x0000000080000000, 0x0000000100000000)
  region size 1024K, 2 young (2048K), 2 survivors (2048K)
 Metaspace       used 31335K, capacity 32282K, committed 32432K, reserved 1077248K
  class space    used 4179K, capacity 4529K, committed 4608K, reserved 1048576K
}
Event: 37.585 GC heap before
{Heap before GC invocations=31 (full 0):
 garbage-first heap   total 77824K, used 61688K [0x0000000080000000, 0x0000000100000000)
  region size 1024K, 11 young (11264K), 2 survivors (2048K)
 Metaspace       used 32141K, capacity 33114K, committed 33328K, reserved 1077248K
  class space    used 4314K, capacity 4677K, committed 4736K, reserved 1048576K
}
Event: 37.588 GC heap after
{Heap after GC invocations=32 (full 0):
 garbage-first heap   total 77824K, used 52646K [0x0000000080000000, 0x0000000100000000)
  region size 1024K, 2 young (2048K), 2 survivors (2048K)
 Metaspace       used 32141K, capacity 33114K, committed 33328K, reserved 1077248K
  class space    used 4314K, capacity 4677K, committed 4736K, reserved 1048576K
}
Event: 37.780 GC heap before
{Heap before GC invocations=32 (full 0):
 garbage-first heap   total 77824K, used 62886K [0x0000000080000000, 0x0000000100000000)
  region size 1024K, 12 young (12288K), 2 survivors (2048K)
 Metaspace       used 33586K, capacity 34621K, committed 34864K, reserved 1079296K
  class space    used 4527K, capacity 4904K, committed 4992K, reserved 1048576K
}

