# JRE version: OpenJDK Runtime Environment (11.0.15) (build 11.0.15+0-b2043.56-9505619)
# Java VM: OpenJDK 64-Bit Server VM (11.0.15+0-b2043.56-9505619, mixed mode, tiered, compressed oops, g1 gc, windows-amd64)
Heap:
 garbage-first heap   total 247808K, used 84698K [0x0000000080000000, 0x0000000100000000)
  region size 1024K, 3 young (3072K), 3 survivors (3072K)
 Metaspace       used 44892K, capacity 46257K, committed 46384K, reserved 1089536K
  class space    used 5737K, capacity 6210K, committed 6272K, reserved 1048576K
GC Heap History (20 events):
Event: 7.075 GC heap after
{Heap after GC invocations=25 (full 0):
 garbage-first heap   total 63488K, used 51303K [0x0000000080000000, 0x0000000100000000)
  region size 1024K, 1 young (1024K), 1 survivors (1024K)
 Metaspace       used 29180K, capacity 30005K, committed 30256K, reserved 1075200K
  class space    used 3850K, capacity 4129K, committed 4224K, reserved 1048576K
}
Event: 7.108 GC heap before
{Heap before GC invocations=26 (full 0):
 garbage-first heap   total 63488K, used 53351K [0x0000000080000000, 0x0000000100000000)
  region size 1024K, 3 young (3072K), 1 survivors (1024K)
 Metaspace       used 29369K, capacity 30288K, committed 30512K, reserved 1075200K
  class space    used 3891K, capacity 4202K, committed 4224K, reserved 1048576K
}
Event: 7.110 GC heap after
{Heap after GC invocations=27 (full 0):
 garbage-first heap   total 63488K, used 51349K [0x0000000080000000, 0x0000000100000000)
  region size 1024K, 1 young (1024K), 1 survivors (1024K)
 Metaspace       used 29369K, capacity 30288K, committed 30512K, reserved 1075200K
  class space    used 3891K, capacity 4202K, committed 4224K, reserved 1048576K
}
Event: 7.131 GC heap before
{Heap before GC invocations=27 (full 0):
 garbage-first heap   total 63488K, used 52373K [0x0000000080000000, 0x0000000100000000)
  region size 1024K, 3 young (3072K), 1 survivors (1024K)
 Metaspace       used 29512K, capacity 30373K, committed 30512K, reserved 1075200K
  class space    used 3912K, capacity 4210K, committed 4224K, reserved 1048576K
}
Event: 7.133 GC heap after
{Heap after GC invocations=28 (full 0):
 garbage-first heap   total 83968K, used 51511K [0x0000000080000000, 0x0000000100000000)
  region size 1024K, 1 young (1024K), 1 survivors (1024K)
 Metaspace       used 29512K, capacity 30373K, committed 30512K, reserved 1075200K
  class space    used 3912K, capacity 4210K, committed 4224K, reserved 1048576K
}
Event: 7.300 GC heap before
{Heap before GC invocations=29 (full 0):
 garbage-first heap   total 83968K, used 64823K [0x0000000080000000, 0x0000000100000000)
  region size 1024K, 14 young (14336K), 1 survivors (1024K)
 Metaspace       used 30818K, capacity 31756K, committed 31792K, reserved 1077248K
  class space    used 4114K, capacity 4460K, committed 4480K, reserved 1048576K
}
Event: 7.303 GC heap after
{Heap after GC invocations=30 (full 0):
 garbage-first heap   total 83968K, used 51880K [0x0000000080000000, 0x0000000100000000)
  region size 1024K, 1 young (1024K), 1 survivors (1024K)
 Metaspace       used 30818K, capacity 31756K, committed 31792K, reserved 1077248K
  class space    used 4114K, capacity 4460K, committed 4480K, reserved 1048576K
}
Event: 7.417 GC heap before
{Heap before GC invocations=30 (full 0):
 garbage-first heap   total 83968K, used 65192K [0x0000000080000000, 0x0000000100000000)
  region size 1024K, 14 young (14336K), 1 survivors (1024K)
 Metaspace       used 31943K, capacity 32881K, committed 33072K, reserved 1077248K
  class space    used 4296K, capacity 4642K, committed 4736K, reserved 1048576K
}
Event: 7.419 GC heap after
{Heap after GC invocations=31 (full 0):
 garbage-first heap   total 83968K, used 52282K [0x0000000080000000, 0x0000000100000000)
  region size 1024K, 2 young (2048K), 2 survivors (2048K)
 Metaspace       used 31943K, capacity 32881K, committed 33072K, reserved 1077248K
  class space    used 4296K, capacity 4642K, committed 4736K, reserved 1048576K
}
Event: 7.637 GC heap before
{Heap before GC invocations=32 (full 0):
 garbage-first heap   total 83968K, used 65594K [0x0000000080000000, 0x0000000100000000)
  region size 1024K, 15 young (15360K), 2 survivors (2048K)
 Metaspace       used 33950K, capacity 34984K, committed 35120K, reserved 1079296K
  class space    used 4579K, capacity 4938K, committed 4992K, reserved 1048576K
}
Event: 7.641 GC heap after
{Heap after GC invocations=33 (full 0):
 garbage-first heap   total 83968K, used 52951K [0x0000000080000000, 0x0000000100000000)
  region size 1024K, 2 young (2048K), 2 survivors (2048K)
 Metaspace       used 33950K, capacity 34984K, committed 35120K, reserved 1079296K
  class space    used 4579K, capacity 4938K, committed 4992K, reserved 1048576K
}
Event: 8.029 GC heap before
{Heap before GC invocations=33 (full 0):
 garbage-first heap   total 83968K, used 67287K [0x0000000080000000, 0x0000000100000000)
  region size 1024K, 16 young (16384K), 2 survivors (2048K)
 Metaspace       used 38289K, capacity 39431K, committed 39728K, reserved 1083392K
  class space    used 4997K, capacity 5400K, committed 5504K, reserved 1048576K
}
Event: 8.043 GC heap after
{Heap after GC invocations=34 (full 0):
 garbage-first heap   total 145408K, used 54898K [0x0000000080000000, 0x0000000100000000)
  region size 1024K, 2 young (2048K), 2 survivors (2048K)
 Metaspace       used 38289K, capacity 39431K, committed 39728K, reserved 1083392K
  class space    used 4997K, capacity 5400K, committed 5504K, reserved 1048576K
}
Event: 8.677 GC heap before
{Heap before GC invocations=35 (full 0):
 garbage-first heap   total 145408K, used 95858K [0x0000000080000000, 0x0000000100000000)
  region size 1024K, 40 young (40960K), 2 survivors (2048K)
 Metaspace       used 41371K, capacity 42576K, committed 42800K, reserved 1087488K
  class space    used 5232K, capacity 5674K, committed 5760K, reserved 1048576K
}
Event: 8.687 GC heap after
{Heap after GC invocations=36 (full 0):
 garbage-first heap   total 145408K, used 58840K [0x0000000080000000, 0x0000000100000000)
  region size 1024K, 5 young (5120K), 5 survivors (5120K)
 Metaspace       used 41371K, capacity 42576K, committed 42800K, reserved 1087488K
  class space    used 5232K, capacity 5674K, committed 5760K, reserved 1048576K
}
Event: 9.380 GC heap before
{Heap before GC invocations=36 (full 0):
 garbage-first heap   total 145408K, used 107992K [0x0000000080000000, 0x0000000100000000)
  region size 1024K, 44 young (45056K), 5 survivors (5120K)
 Metaspace       used 44195K, capacity 45440K, committed 45488K, reserved 1089536K
  class space    used 5658K, capacity 6111K, committed 6144K, reserved 1048576K
}
Event: 9.392 GC heap after
{Heap after GC invocations=37 (full 0):
 garbage-first heap   total 145408K, used 71146K [0x0000000080000000, 0x0000000100000000)
  region size 1024K, 5 young (5120K), 5 survivors (5120K)
 Metaspace       used 44195K, capacity 45440K, committed 45488K, reserved 1089536K
  class space    used 5658K, capacity 6111K, committed 6144K, reserved 1048576K
}
Event: 9.467 GC heap before
{Heap before GC invocations=38 (full 0):
 garbage-first heap   total 145408K, used 78314K [0x0000000080000000, 0x0000000100000000)
  region size 1024K, 6 young (6144K), 5 survivors (5120K)
 Metaspace       used 44199K, capacity 45440K, committed 45488K, reserved 1089536K
  class space    used 5658K, capacity 6111K, committed 6144K, reserved 1048576K
}
Event: 9.472 GC heap after
{Heap after GC invocations=39 (full 0):
 garbage-first heap   total 145408K, used 79514K [0x0000000080000000, 0x0000000100000000)
  region size 1024K, 4 young (4096K), 4 survivors (4096K)
 Metaspace       used 44199K, capacity 45440K, committed 45488K, reserved 1089536K
  class space    used 5658K, capacity 6111K, committed 6144K, reserved 1048576K
}
Event: 9.693 GC heap before
{Heap before GC invocations=40 (full 0):
 garbage-first heap   total 145408K, used 95898K [0x0000000080000000, 0x0000000100000000)
  region size 1024K, 19 young (19456K), 4 survivors (4096K)
 Metaspace       used 44892K, capacity 46257K, committed 46384K, reserved 1089536K
  class space    used 5737K, capacity 6210K, committed 6272K, reserved 1048576K
}

